<?xml version="1.0" encoding="UTF-8"?>
<testsuites name="T1" time="300.91" tests="8" failures="0" errors="0">
   <testsuite name="T1" tests="8" failures="0" errors="0" time="300.91" skipped="0" timestamp="23-03-2024T12:26:42" hostname="lehon - LeThiHongNgot" id="Test Suites/T1">
      <properties>
         <property name="deviceName" value=""/>
         <property name="devicePlatform" value=""/>
         <property name="logFolder" value="C:\\Users\\lehon\\git\\LAB04KATALON1\\Reports\\20240323_122627\\T1\\20240323_122627"/>
         <property name="logFiles" value="C:\\Users\\lehon\\git\\LAB04KATALON1\\Reports\\20240323_122627\\T1\\20240323_122627\\execution0.log"/>
         <property name="attachments" value=""/>
         <property name="hostName" value="lehon - LeThiHongNgot"/>
         <property name="os" value="Windows 11 64bit"/>
         <property name="katalonVersion" value="9.3.1.212"/>
         <property name="browser" value="Chrome 123.0.0.0"/>
         <property name="hostAddress" value="192.168.56.1"/>
         <property name="sessionId" value="1311ce93f7824d39042c74927963e005"/>
         <property name="seleniumVersion" value="3.141.59"/>
         <property name="proxyInformation" value="ProxyInformation { proxyOption=NO_PROXY, proxyServerType=HTTP, username=, password=********, proxyServerAddress=, proxyServerPort=0, executionList=&quot;&quot;, isApplyToDesiredCapabilities=true }"/>
         <property name="platform" value="Windows 11"/>
      </properties>
      <testcase name="Test Cases/DataDriven" time="41.501" classname="Test Cases/DataDriven" status="PASSED">
         <system-out><![CDATA[23-03-2024T12:26:42 - [TEST_CASE][PASSED] - Test Cases/DataDriven: Test Cases/DataDriven

23-03-2024T12:26:43 - [TEST_STEP][PASSED] - openBrowser(""): Browser is opened with url: ''

23-03-2024T12:26:44 - [MESSAGE][INFO] - Starting 'Chrome' driver

23-03-2024T12:26:44 - [MESSAGE][INFO] - Action delay is set to 0 milliseconds

23-03-2024T12:26:48 - [MESSAGE][PASSED] - Browser is opened with url: ''

23-03-2024T12:26:48 - [TEST_STEP][PASSED] - navigateToUrl("https://www.saucedemo.com/"): Navigate to 'https://www.saucedemo.com/' successfully

23-03-2024T12:26:48 - [MESSAGE][PASSED] - Navigate to 'https://www.saucedemo.com/' successfully

23-03-2024T12:26:48 - [TEST_STEP][PASSED] - setText(findTestObject("Object Repository/Page_Swag Labs/input_Swag Labs_user-name"), "jkn"): Text 'jkn' is set on object 'Object Repository/Page_Swag Labs/input_Swag Labs_user-name'

23-03-2024T12:26:51 - [MESSAGE][PASSED] - Text 'jkn' is set on object 'Object Repository/Page_Swag Labs/input_Swag Labs_user-name'

23-03-2024T12:26:51 - [TEST_STEP][PASSED] - setEncryptedText(findTestObject("Object Repository/Page_Swag Labs/input_Swag Labs_password"), "9iXuMlGT0SQ="): Text ****** has been set on object 'Object Repository/Page_Swag Labs/input_Swag Labs_password'

23-03-2024T12:26:51 - [MESSAGE][PASSED] - Text ****** has been set on object 'Object Repository/Page_Swag Labs/input_Swag Labs_password'

23-03-2024T12:26:51 - [TEST_STEP][PASSED] - click(findTestObject("Object Repository/Page_Swag Labs/input_Swag Labs_login-button")): Object: 'Object Repository/Page_Swag Labs/input_Swag Labs_login-button' is clicked on

23-03-2024T12:26:52 - [MESSAGE][PASSED] - Object: 'Object Repository/Page_Swag Labs/input_Swag Labs_login-button' is clicked on

23-03-2024T12:26:52 - [TEST_STEP][PASSED] - click(findTestObject("Object Repository/Page_Swag Labs/h3_Epic sadface Username and password do no_0e8909")): Object: 'Object Repository/Page_Swag Labs/h3_Epic sadface Username and password do no_0e8909' is clicked on

23-03-2024T12:27:22 - [MESSAGE][PASSED] - Object: 'Object Repository/Page_Swag Labs/h3_Epic sadface Username and password do no_0e8909' is clicked on

23-03-2024T12:27:22 - [TEST_STEP][PASSED] - openBrowser(""): Browser is opened with url: ''

23-03-2024T12:27:22 - [MESSAGE][WARNING] - A browser is already opened. Closing browser and opening a new one

23-03-2024T12:27:22 - [MESSAGE][INFO] - Starting 'Chrome' driver

23-03-2024T12:27:22 - [MESSAGE][INFO] - Action delay is set to 0 milliseconds

23-03-2024T12:27:24 - [MESSAGE][PASSED] - Browser is opened with url: ''

23-03-2024T12:27:24 - [TEST_STEP][PASSED] - closeBrowser(): Browser is closed

23-03-2024T12:27:24 - [MESSAGE][PASSED] - Browser is closed]]></system-out>
         <system-err><![CDATA[]]></system-err>
      </testcase>
      <testcase name="Test Cases/DataDriven" time="41.817" classname="Test Cases/DataDriven" status="PASSED">
         <system-out><![CDATA[23-03-2024T12:27:24 - [TEST_CASE][PASSED] - Test Cases/DataDriven: Test Cases/DataDriven

23-03-2024T12:27:24 - [TEST_STEP][PASSED] - openBrowser(""): Browser is opened with url: ''

23-03-2024T12:27:24 - [MESSAGE][INFO] - Starting 'Chrome' driver

23-03-2024T12:27:24 - [MESSAGE][INFO] - Action delay is set to 0 milliseconds

23-03-2024T12:27:26 - [MESSAGE][PASSED] - Browser is opened with url: ''

23-03-2024T12:27:26 - [TEST_STEP][PASSED] - navigateToUrl("https://www.saucedemo.com/"): Navigate to 'https://www.saucedemo.com/' successfully

23-03-2024T12:27:27 - [MESSAGE][PASSED] - Navigate to 'https://www.saucedemo.com/' successfully

23-03-2024T12:27:27 - [TEST_STEP][PASSED] - setText(findTestObject("Object Repository/Page_Swag Labs/input_Swag Labs_user-name"), "jkn"): Text 'jkn' is set on object 'Object Repository/Page_Swag Labs/input_Swag Labs_user-name'

23-03-2024T12:27:29 - [MESSAGE][PASSED] - Text 'jkn' is set on object 'Object Repository/Page_Swag Labs/input_Swag Labs_user-name'

23-03-2024T12:27:29 - [TEST_STEP][PASSED] - setEncryptedText(findTestObject("Object Repository/Page_Swag Labs/input_Swag Labs_password"), "9iXuMlGT0SQ="): Text ****** has been set on object 'Object Repository/Page_Swag Labs/input_Swag Labs_password'

23-03-2024T12:27:29 - [MESSAGE][PASSED] - Text ****** has been set on object 'Object Repository/Page_Swag Labs/input_Swag Labs_password'

23-03-2024T12:27:29 - [TEST_STEP][PASSED] - click(findTestObject("Object Repository/Page_Swag Labs/input_Swag Labs_login-button")): Object: 'Object Repository/Page_Swag Labs/input_Swag Labs_login-button' is clicked on

23-03-2024T12:27:30 - [MESSAGE][PASSED] - Object: 'Object Repository/Page_Swag Labs/input_Swag Labs_login-button' is clicked on

23-03-2024T12:27:30 - [TEST_STEP][PASSED] - click(findTestObject("Object Repository/Page_Swag Labs/h3_Epic sadface Username and password do no_0e8909")): Object: 'Object Repository/Page_Swag Labs/h3_Epic sadface Username and password do no_0e8909' is clicked on

23-03-2024T12:28:00 - [MESSAGE][PASSED] - Object: 'Object Repository/Page_Swag Labs/h3_Epic sadface Username and password do no_0e8909' is clicked on

23-03-2024T12:28:00 - [TEST_STEP][PASSED] - openBrowser(""): Browser is opened with url: ''

23-03-2024T12:28:00 - [MESSAGE][WARNING] - A browser is already opened. Closing browser and opening a new one

23-03-2024T12:28:00 - [MESSAGE][INFO] - Starting 'Chrome' driver

23-03-2024T12:28:01 - [MESSAGE][INFO] - Action delay is set to 0 milliseconds

23-03-2024T12:28:03 - [MESSAGE][PASSED] - Browser is opened with url: ''

23-03-2024T12:28:03 - [TEST_STEP][PASSED] - closeBrowser(): Browser is closed

23-03-2024T12:28:06 - [MESSAGE][PASSED] - Browser is closed]]></system-out>
         <system-err><![CDATA[]]></system-err>
      </testcase>
      <testcase name="Test Cases/DataDriven" time="38.581" classname="Test Cases/DataDriven" status="PASSED">
         <system-out><![CDATA[23-03-2024T12:28:06 - [TEST_CASE][PASSED] - Test Cases/DataDriven: Test Cases/DataDriven

23-03-2024T12:28:06 - [TEST_STEP][PASSED] - openBrowser(""): Browser is opened with url: ''

23-03-2024T12:28:06 - [MESSAGE][INFO] - Starting 'Chrome' driver

23-03-2024T12:28:06 - [MESSAGE][INFO] - Action delay is set to 0 milliseconds

23-03-2024T12:28:07 - [MESSAGE][PASSED] - Browser is opened with url: ''

23-03-2024T12:28:07 - [TEST_STEP][PASSED] - navigateToUrl("https://www.saucedemo.com/"): Navigate to 'https://www.saucedemo.com/' successfully

23-03-2024T12:28:09 - [MESSAGE][PASSED] - Navigate to 'https://www.saucedemo.com/' successfully

23-03-2024T12:28:09 - [TEST_STEP][PASSED] - setText(findTestObject("Object Repository/Page_Swag Labs/input_Swag Labs_user-name"), "jkn"): Text 'jkn' is set on object 'Object Repository/Page_Swag Labs/input_Swag Labs_user-name'

23-03-2024T12:28:11 - [MESSAGE][PASSED] - Text 'jkn' is set on object 'Object Repository/Page_Swag Labs/input_Swag Labs_user-name'

23-03-2024T12:28:11 - [TEST_STEP][PASSED] - setEncryptedText(findTestObject("Object Repository/Page_Swag Labs/input_Swag Labs_password"), "9iXuMlGT0SQ="): Text ****** has been set on object 'Object Repository/Page_Swag Labs/input_Swag Labs_password'

23-03-2024T12:28:12 - [MESSAGE][PASSED] - Text ****** has been set on object 'Object Repository/Page_Swag Labs/input_Swag Labs_password'

23-03-2024T12:28:12 - [TEST_STEP][PASSED] - click(findTestObject("Object Repository/Page_Swag Labs/input_Swag Labs_login-button")): Object: 'Object Repository/Page_Swag Labs/input_Swag Labs_login-button' is clicked on

23-03-2024T12:28:12 - [MESSAGE][PASSED] - Object: 'Object Repository/Page_Swag Labs/input_Swag Labs_login-button' is clicked on

23-03-2024T12:28:12 - [TEST_STEP][PASSED] - click(findTestObject("Object Repository/Page_Swag Labs/h3_Epic sadface Username and password do no_0e8909")): Object: 'Object Repository/Page_Swag Labs/h3_Epic sadface Username and password do no_0e8909' is clicked on

23-03-2024T12:28:42 - [MESSAGE][PASSED] - Object: 'Object Repository/Page_Swag Labs/h3_Epic sadface Username and password do no_0e8909' is clicked on

23-03-2024T12:28:42 - [TEST_STEP][PASSED] - openBrowser(""): Browser is opened with url: ''

23-03-2024T12:28:42 - [MESSAGE][WARNING] - A browser is already opened. Closing browser and opening a new one

23-03-2024T12:28:43 - [MESSAGE][INFO] - Starting 'Chrome' driver

23-03-2024T12:28:43 - [MESSAGE][INFO] - Action delay is set to 0 milliseconds

23-03-2024T12:28:44 - [MESSAGE][PASSED] - Browser is opened with url: ''

23-03-2024T12:28:44 - [TEST_STEP][PASSED] - closeBrowser(): Browser is closed

23-03-2024T12:28:44 - [MESSAGE][PASSED] - Browser is closed]]></system-out>
         <system-err><![CDATA[]]></system-err>
      </testcase>
      <testcase name="Test Cases/DataDriven" time="37.788" classname="Test Cases/DataDriven" status="PASSED">
         <system-out><![CDATA[23-03-2024T12:28:45 - [TEST_CASE][PASSED] - Test Cases/DataDriven: Test Cases/DataDriven

23-03-2024T12:28:45 - [TEST_STEP][PASSED] - openBrowser(""): Browser is opened with url: ''

23-03-2024T12:28:45 - [MESSAGE][INFO] - Starting 'Chrome' driver

23-03-2024T12:28:45 - [MESSAGE][INFO] - Action delay is set to 0 milliseconds

23-03-2024T12:28:46 - [MESSAGE][PASSED] - Browser is opened with url: ''

23-03-2024T12:28:46 - [TEST_STEP][PASSED] - navigateToUrl("https://www.saucedemo.com/"): Navigate to 'https://www.saucedemo.com/' successfully

23-03-2024T12:28:46 - [MESSAGE][PASSED] - Navigate to 'https://www.saucedemo.com/' successfully

23-03-2024T12:28:46 - [TEST_STEP][PASSED] - setText(findTestObject("Object Repository/Page_Swag Labs/input_Swag Labs_user-name"), "jkn"): Text 'jkn' is set on object 'Object Repository/Page_Swag Labs/input_Swag Labs_user-name'

23-03-2024T12:28:49 - [MESSAGE][PASSED] - Text 'jkn' is set on object 'Object Repository/Page_Swag Labs/input_Swag Labs_user-name'

23-03-2024T12:28:49 - [TEST_STEP][PASSED] - setEncryptedText(findTestObject("Object Repository/Page_Swag Labs/input_Swag Labs_password"), "9iXuMlGT0SQ="): Text ****** has been set on object 'Object Repository/Page_Swag Labs/input_Swag Labs_password'

23-03-2024T12:28:49 - [MESSAGE][PASSED] - Text ****** has been set on object 'Object Repository/Page_Swag Labs/input_Swag Labs_password'

23-03-2024T12:28:49 - [TEST_STEP][PASSED] - click(findTestObject("Object Repository/Page_Swag Labs/input_Swag Labs_login-button")): Object: 'Object Repository/Page_Swag Labs/input_Swag Labs_login-button' is clicked on

23-03-2024T12:28:50 - [MESSAGE][PASSED] - Object: 'Object Repository/Page_Swag Labs/input_Swag Labs_login-button' is clicked on

23-03-2024T12:28:50 - [TEST_STEP][PASSED] - click(findTestObject("Object Repository/Page_Swag Labs/h3_Epic sadface Username and password do no_0e8909")): Object: 'Object Repository/Page_Swag Labs/h3_Epic sadface Username and password do no_0e8909' is clicked on

23-03-2024T12:29:20 - [MESSAGE][PASSED] - Object: 'Object Repository/Page_Swag Labs/h3_Epic sadface Username and password do no_0e8909' is clicked on

23-03-2024T12:29:20 - [TEST_STEP][PASSED] - openBrowser(""): Browser is opened with url: ''

23-03-2024T12:29:20 - [MESSAGE][WARNING] - A browser is already opened. Closing browser and opening a new one

23-03-2024T12:29:21 - [MESSAGE][INFO] - Starting 'Chrome' driver

23-03-2024T12:29:21 - [MESSAGE][INFO] - Action delay is set to 0 milliseconds

23-03-2024T12:29:22 - [MESSAGE][PASSED] - Browser is opened with url: ''

23-03-2024T12:29:22 - [TEST_STEP][PASSED] - closeBrowser(): Browser is closed

23-03-2024T12:29:22 - [MESSAGE][PASSED] - Browser is closed]]></system-out>
         <system-err><![CDATA[]]></system-err>
      </testcase>
      <testcase name="Test Cases/DataDriven" time="37.675" classname="Test Cases/DataDriven" status="PASSED">
         <system-out><![CDATA[23-03-2024T12:29:22 - [TEST_CASE][PASSED] - Test Cases/DataDriven: Test Cases/DataDriven

23-03-2024T12:29:22 - [TEST_STEP][PASSED] - openBrowser(""): Browser is opened with url: ''

23-03-2024T12:29:22 - [MESSAGE][INFO] - Starting 'Chrome' driver

23-03-2024T12:29:22 - [MESSAGE][INFO] - Action delay is set to 0 milliseconds

23-03-2024T12:29:24 - [MESSAGE][PASSED] - Browser is opened with url: ''

23-03-2024T12:29:24 - [TEST_STEP][PASSED] - navigateToUrl("https://www.saucedemo.com/"): Navigate to 'https://www.saucedemo.com/' successfully

23-03-2024T12:29:26 - [MESSAGE][PASSED] - Navigate to 'https://www.saucedemo.com/' successfully

23-03-2024T12:29:26 - [TEST_STEP][PASSED] - setText(findTestObject("Object Repository/Page_Swag Labs/input_Swag Labs_user-name"), "jkn"): Text 'jkn' is set on object 'Object Repository/Page_Swag Labs/input_Swag Labs_user-name'

23-03-2024T12:29:28 - [MESSAGE][PASSED] - Text 'jkn' is set on object 'Object Repository/Page_Swag Labs/input_Swag Labs_user-name'

23-03-2024T12:29:28 - [TEST_STEP][PASSED] - setEncryptedText(findTestObject("Object Repository/Page_Swag Labs/input_Swag Labs_password"), "9iXuMlGT0SQ="): Text ****** has been set on object 'Object Repository/Page_Swag Labs/input_Swag Labs_password'

23-03-2024T12:29:28 - [MESSAGE][PASSED] - Text ****** has been set on object 'Object Repository/Page_Swag Labs/input_Swag Labs_password'

23-03-2024T12:29:28 - [TEST_STEP][PASSED] - click(findTestObject("Object Repository/Page_Swag Labs/input_Swag Labs_login-button")): Object: 'Object Repository/Page_Swag Labs/input_Swag Labs_login-button' is clicked on

23-03-2024T12:29:28 - [MESSAGE][PASSED] - Object: 'Object Repository/Page_Swag Labs/input_Swag Labs_login-button' is clicked on

23-03-2024T12:29:28 - [TEST_STEP][PASSED] - click(findTestObject("Object Repository/Page_Swag Labs/h3_Epic sadface Username and password do no_0e8909")): Object: 'Object Repository/Page_Swag Labs/h3_Epic sadface Username and password do no_0e8909' is clicked on

23-03-2024T12:29:59 - [MESSAGE][PASSED] - Object: 'Object Repository/Page_Swag Labs/h3_Epic sadface Username and password do no_0e8909' is clicked on

23-03-2024T12:29:59 - [TEST_STEP][PASSED] - openBrowser(""): Browser is opened with url: ''

23-03-2024T12:29:59 - [MESSAGE][WARNING] - A browser is already opened. Closing browser and opening a new one

23-03-2024T12:29:59 - [MESSAGE][INFO] - Starting 'Chrome' driver

23-03-2024T12:29:59 - [MESSAGE][INFO] - Action delay is set to 0 milliseconds

23-03-2024T12:30:00 - [MESSAGE][PASSED] - Browser is opened with url: ''

23-03-2024T12:30:00 - [TEST_STEP][PASSED] - closeBrowser(): Browser is closed

23-03-2024T12:30:00 - [MESSAGE][PASSED] - Browser is closed]]></system-out>
         <system-err><![CDATA[]]></system-err>
      </testcase>
      <testcase name="Test Cases/DataDriven" time="29.706" classname="Test Cases/DataDriven" status="PASSED">
         <system-out><![CDATA[23-03-2024T12:30:00 - [TEST_CASE][PASSED] - Test Cases/DataDriven: Test Cases/DataDriven

23-03-2024T12:30:00 - [TEST_STEP][PASSED] - openBrowser(""): Browser is opened with url: ''

23-03-2024T12:30:00 - [MESSAGE][INFO] - Starting 'Chrome' driver

23-03-2024T12:30:00 - [MESSAGE][INFO] - Action delay is set to 0 milliseconds

23-03-2024T12:30:01 - [MESSAGE][PASSED] - Browser is opened with url: ''

23-03-2024T12:30:01 - [TEST_STEP][PASSED] - navigateToUrl("https://www.saucedemo.com/"): Navigate to 'https://www.saucedemo.com/' successfully

23-03-2024T12:30:02 - [MESSAGE][PASSED] - Navigate to 'https://www.saucedemo.com/' successfully

23-03-2024T12:30:02 - [TEST_STEP][PASSED] - setText(findTestObject("Object Repository/Page_Swag Labs/input_Swag Labs_user-name"), "jkn"): Text 'jkn' is set on object 'Object Repository/Page_Swag Labs/input_Swag Labs_user-name'

23-03-2024T12:30:05 - [MESSAGE][PASSED] - Text 'jkn' is set on object 'Object Repository/Page_Swag Labs/input_Swag Labs_user-name'

23-03-2024T12:30:05 - [TEST_STEP][PASSED] - setEncryptedText(findTestObject("Object Repository/Page_Swag Labs/input_Swag Labs_password"), "9iXuMlGT0SQ="): Text ****** has been set on object 'Object Repository/Page_Swag Labs/input_Swag Labs_password'

23-03-2024T12:30:05 - [MESSAGE][PASSED] - Text ****** has been set on object 'Object Repository/Page_Swag Labs/input_Swag Labs_password'

23-03-2024T12:30:05 - [TEST_STEP][PASSED] - click(findTestObject("Object Repository/Page_Swag Labs/input_Swag Labs_login-button")): Object: 'Object Repository/Page_Swag Labs/input_Swag Labs_login-button' is clicked on

23-03-2024T12:30:06 - [MESSAGE][PASSED] - Object: 'Object Repository/Page_Swag Labs/input_Swag Labs_login-button' is clicked on

23-03-2024T12:30:06 - [TEST_STEP][PASSED] - click(findTestObject("Object Repository/Page_Swag Labs/h3_Epic sadface Username and password do no_0e8909")): Object: 'Object Repository/Page_Swag Labs/h3_Epic sadface Username and password do no_0e8909' is clicked on

23-03-2024T12:30:28 - [MESSAGE][PASSED] - Object: 'Object Repository/Page_Swag Labs/h3_Epic sadface Username and password do no_0e8909' is clicked on

23-03-2024T12:30:28 - [TEST_STEP][PASSED] - openBrowser(""): Browser is opened with url: ''

23-03-2024T12:30:28 - [MESSAGE][WARNING] - A browser is already opened. Closing browser and opening a new one

23-03-2024T12:30:28 - [MESSAGE][INFO] - Starting 'Chrome' driver

23-03-2024T12:30:28 - [MESSAGE][INFO] - Action delay is set to 0 milliseconds

23-03-2024T12:30:29 - [MESSAGE][PASSED] - Browser is opened with url: ''

23-03-2024T12:30:29 - [TEST_STEP][PASSED] - closeBrowser(): Browser is closed

23-03-2024T12:30:30 - [MESSAGE][PASSED] - Browser is closed]]></system-out>
         <system-err><![CDATA[]]></system-err>
      </testcase>
      <testcase name="Test Cases/DataDriven" time="36.451" classname="Test Cases/DataDriven" status="PASSED">
         <system-out><![CDATA[23-03-2024T12:30:30 - [TEST_CASE][PASSED] - Test Cases/DataDriven: Test Cases/DataDriven

23-03-2024T12:30:30 - [TEST_STEP][PASSED] - openBrowser(""): Browser is opened with url: ''

23-03-2024T12:30:30 - [MESSAGE][INFO] - Starting 'Chrome' driver

23-03-2024T12:30:30 - [MESSAGE][INFO] - Action delay is set to 0 milliseconds

23-03-2024T12:30:31 - [MESSAGE][PASSED] - Browser is opened with url: ''

23-03-2024T12:30:31 - [TEST_STEP][PASSED] - navigateToUrl("https://www.saucedemo.com/"): Navigate to 'https://www.saucedemo.com/' successfully

23-03-2024T12:30:32 - [MESSAGE][PASSED] - Navigate to 'https://www.saucedemo.com/' successfully

23-03-2024T12:30:32 - [TEST_STEP][PASSED] - setText(findTestObject("Object Repository/Page_Swag Labs/input_Swag Labs_user-name"), "jkn"): Text 'jkn' is set on object 'Object Repository/Page_Swag Labs/input_Swag Labs_user-name'

23-03-2024T12:30:34 - [MESSAGE][PASSED] - Text 'jkn' is set on object 'Object Repository/Page_Swag Labs/input_Swag Labs_user-name'

23-03-2024T12:30:34 - [TEST_STEP][PASSED] - setEncryptedText(findTestObject("Object Repository/Page_Swag Labs/input_Swag Labs_password"), "9iXuMlGT0SQ="): Text ****** has been set on object 'Object Repository/Page_Swag Labs/input_Swag Labs_password'

23-03-2024T12:30:35 - [MESSAGE][PASSED] - Text ****** has been set on object 'Object Repository/Page_Swag Labs/input_Swag Labs_password'

23-03-2024T12:30:35 - [TEST_STEP][PASSED] - click(findTestObject("Object Repository/Page_Swag Labs/input_Swag Labs_login-button")): Object: 'Object Repository/Page_Swag Labs/input_Swag Labs_login-button' is clicked on

23-03-2024T12:30:35 - [MESSAGE][PASSED] - Object: 'Object Repository/Page_Swag Labs/input_Swag Labs_login-button' is clicked on

23-03-2024T12:30:35 - [TEST_STEP][PASSED] - click(findTestObject("Object Repository/Page_Swag Labs/h3_Epic sadface Username and password do no_0e8909")): Object: 'Object Repository/Page_Swag Labs/h3_Epic sadface Username and password do no_0e8909' is clicked on

23-03-2024T12:31:05 - [MESSAGE][PASSED] - Object: 'Object Repository/Page_Swag Labs/h3_Epic sadface Username and password do no_0e8909' is clicked on

23-03-2024T12:31:05 - [TEST_STEP][PASSED] - openBrowser(""): Browser is opened with url: ''

23-03-2024T12:31:05 - [MESSAGE][WARNING] - A browser is already opened. Closing browser and opening a new one

23-03-2024T12:31:05 - [MESSAGE][INFO] - Starting 'Chrome' driver

23-03-2024T12:31:05 - [MESSAGE][INFO] - Action delay is set to 0 milliseconds

23-03-2024T12:31:06 - [MESSAGE][PASSED] - Browser is opened with url: ''

23-03-2024T12:31:06 - [TEST_STEP][PASSED] - closeBrowser(): Browser is closed

23-03-2024T12:31:06 - [MESSAGE][PASSED] - Browser is closed]]></system-out>
         <system-err><![CDATA[]]></system-err>
      </testcase>
      <testcase name="Test Cases/DataDriven" time="36.511" classname="Test Cases/DataDriven" status="PASSED">
         <system-out><![CDATA[23-03-2024T12:31:06 - [TEST_CASE][PASSED] - Test Cases/DataDriven: Test Cases/DataDriven

23-03-2024T12:31:06 - [TEST_STEP][PASSED] - openBrowser(""): Browser is opened with url: ''

23-03-2024T12:31:06 - [MESSAGE][INFO] - Starting 'Chrome' driver

23-03-2024T12:31:06 - [MESSAGE][INFO] - Action delay is set to 0 milliseconds

23-03-2024T12:31:07 - [MESSAGE][PASSED] - Browser is opened with url: ''

23-03-2024T12:31:07 - [TEST_STEP][PASSED] - navigateToUrl("https://www.saucedemo.com/"): Navigate to 'https://www.saucedemo.com/' successfully

23-03-2024T12:31:09 - [MESSAGE][PASSED] - Navigate to 'https://www.saucedemo.com/' successfully

23-03-2024T12:31:09 - [TEST_STEP][PASSED] - setText(findTestObject("Object Repository/Page_Swag Labs/input_Swag Labs_user-name"), "jkn"): Text 'jkn' is set on object 'Object Repository/Page_Swag Labs/input_Swag Labs_user-name'

23-03-2024T12:31:11 - [MESSAGE][PASSED] - Text 'jkn' is set on object 'Object Repository/Page_Swag Labs/input_Swag Labs_user-name'

23-03-2024T12:31:11 - [TEST_STEP][PASSED] - setEncryptedText(findTestObject("Object Repository/Page_Swag Labs/input_Swag Labs_password"), "9iXuMlGT0SQ="): Text ****** has been set on object 'Object Repository/Page_Swag Labs/input_Swag Labs_password'

23-03-2024T12:31:11 - [MESSAGE][PASSED] - Text ****** has been set on object 'Object Repository/Page_Swag Labs/input_Swag Labs_password'

23-03-2024T12:31:11 - [TEST_STEP][PASSED] - click(findTestObject("Object Repository/Page_Swag Labs/input_Swag Labs_login-button")): Object: 'Object Repository/Page_Swag Labs/input_Swag Labs_login-button' is clicked on

23-03-2024T12:31:11 - [MESSAGE][PASSED] - Object: 'Object Repository/Page_Swag Labs/input_Swag Labs_login-button' is clicked on

23-03-2024T12:31:11 - [TEST_STEP][PASSED] - click(findTestObject("Object Repository/Page_Swag Labs/h3_Epic sadface Username and password do no_0e8909")): Object: 'Object Repository/Page_Swag Labs/h3_Epic sadface Username and password do no_0e8909' is clicked on

23-03-2024T12:31:41 - [MESSAGE][PASSED] - Object: 'Object Repository/Page_Swag Labs/h3_Epic sadface Username and password do no_0e8909' is clicked on

23-03-2024T12:31:41 - [TEST_STEP][PASSED] - openBrowser(""): Browser is opened with url: ''

23-03-2024T12:31:41 - [MESSAGE][WARNING] - A browser is already opened. Closing browser and opening a new one

23-03-2024T12:31:42 - [MESSAGE][INFO] - Starting 'Chrome' driver

23-03-2024T12:31:42 - [MESSAGE][INFO] - Action delay is set to 0 milliseconds

23-03-2024T12:31:43 - [MESSAGE][PASSED] - Browser is opened with url: ''

23-03-2024T12:31:43 - [TEST_STEP][PASSED] - closeBrowser(): Browser is closed

23-03-2024T12:31:43 - [MESSAGE][PASSED] - Browser is closed]]></system-out>
         <system-err><![CDATA[]]></system-err>
      </testcase>
      <system-out><![CDATA[23-03-2024T12:26:42 - [TEST_SUITE][PASSED] - T1: Test Cases/DataDriven]]></system-out>
      <system-err><![CDATA[]]></system-err>
   </testsuite>
</testsuites>
