<?xml version="1.0" encoding="UTF-8"?>
<testsuites name="T1" time="259.732" tests="8" failures="0" errors="0">
   <testsuite name="T1" tests="8" failures="0" errors="0" time="259.732" skipped="0" timestamp="23-03-2024T12:26:38" hostname="lehon - LeThiHongNgot" id="Test Suites/T1">
      <properties>
         <property name="deviceName" value=""/>
         <property name="devicePlatform" value=""/>
         <property name="logFolder" value="C:\\Users\\lehon\\git\\LAB04KATALON1\\Reports\\20240323_122625\\T1\\20240323_122625"/>
         <property name="logFiles" value="C:\\Users\\lehon\\git\\LAB04KATALON1\\Reports\\20240323_122625\\T1\\20240323_122625\\execution0.log"/>
         <property name="attachments" value=""/>
         <property name="hostName" value="lehon - LeThiHongNgot"/>
         <property name="os" value="Windows 11 64bit"/>
         <property name="katalonVersion" value="9.3.1.212"/>
         <property name="browser" value="Chrome 123.0.0.0"/>
         <property name="hostAddress" value="192.168.56.1"/>
         <property name="sessionId" value="8d8ebb2d2e0d44afe91aac2027b597fe"/>
         <property name="seleniumVersion" value="3.141.59"/>
         <property name="proxyInformation" value="ProxyInformation { proxyOption=NO_PROXY, proxyServerType=HTTP, username=, password=********, proxyServerAddress=, proxyServerPort=0, executionList=&quot;&quot;, isApplyToDesiredCapabilities=true }"/>
         <property name="platform" value="Windows 11"/>
      </properties>
      <testcase name="Test Cases/DataDriven" time="21.793" classname="Test Cases/DataDriven" status="PASSED">
         <system-out><![CDATA[23-03-2024T12:26:39 - [TEST_CASE][PASSED] - Test Cases/DataDriven: Test Cases/DataDriven

23-03-2024T12:26:39 - [TEST_STEP][PASSED] - openBrowser(""): Browser is opened with url: ''

23-03-2024T12:26:40 - [MESSAGE][INFO] - Starting 'Chrome' driver

23-03-2024T12:26:40 - [MESSAGE][INFO] - Action delay is set to 0 milliseconds

23-03-2024T12:26:44 - [MESSAGE][PASSED] - Browser is opened with url: ''

23-03-2024T12:26:44 - [TEST_STEP][PASSED] - navigateToUrl("https://www.saucedemo.com/"): Navigate to 'https://www.saucedemo.com/' successfully

23-03-2024T12:26:46 - [MESSAGE][PASSED] - Navigate to 'https://www.saucedemo.com/' successfully

23-03-2024T12:26:46 - [TEST_STEP][PASSED] - setText(findTestObject("Object Repository/Page_Swag Labs/input_Swag Labs_user-name"), "jkn"): Text 'jkn' is set on object 'Object Repository/Page_Swag Labs/input_Swag Labs_user-name'

23-03-2024T12:26:49 - [MESSAGE][PASSED] - Text 'jkn' is set on object 'Object Repository/Page_Swag Labs/input_Swag Labs_user-name'

23-03-2024T12:26:49 - [TEST_STEP][PASSED] - setEncryptedText(findTestObject("Object Repository/Page_Swag Labs/input_Swag Labs_password"), "9iXuMlGT0SQ="): Text ****** has been set on object 'Object Repository/Page_Swag Labs/input_Swag Labs_password'

23-03-2024T12:26:49 - [MESSAGE][PASSED] - Text ****** has been set on object 'Object Repository/Page_Swag Labs/input_Swag Labs_password'

23-03-2024T12:26:49 - [TEST_STEP][PASSED] - click(findTestObject("Object Repository/Page_Swag Labs/input_Swag Labs_login-button")): Object: 'Object Repository/Page_Swag Labs/input_Swag Labs_login-button' is clicked on

23-03-2024T12:26:50 - [MESSAGE][PASSED] - Object: 'Object Repository/Page_Swag Labs/input_Swag Labs_login-button' is clicked on

23-03-2024T12:26:50 - [TEST_STEP][PASSED] - click(findTestObject("Object Repository/Page_Swag Labs/h3_Epic sadface Username and password do no_0e8909")): Object: 'Object Repository/Page_Swag Labs/h3_Epic sadface Username and password do no_0e8909' is clicked on

23-03-2024T12:26:58 - [MESSAGE][PASSED] - Object: 'Object Repository/Page_Swag Labs/h3_Epic sadface Username and password do no_0e8909' is clicked on

23-03-2024T12:26:58 - [TEST_STEP][PASSED] - openBrowser(""): Browser is opened with url: ''

23-03-2024T12:26:58 - [MESSAGE][WARNING] - A browser is already opened. Closing browser and opening a new one

23-03-2024T12:26:59 - [MESSAGE][INFO] - Starting 'Chrome' driver

23-03-2024T12:26:59 - [MESSAGE][INFO] - Action delay is set to 0 milliseconds

23-03-2024T12:27:00 - [MESSAGE][PASSED] - Browser is opened with url: ''

23-03-2024T12:27:00 - [TEST_STEP][PASSED] - closeBrowser(): Browser is closed

23-03-2024T12:27:01 - [MESSAGE][PASSED] - Browser is closed]]></system-out>
         <system-err><![CDATA[]]></system-err>
      </testcase>
      <testcase name="Test Cases/DataDriven" time="10.38" classname="Test Cases/DataDriven" status="PASSED">
         <system-out><![CDATA[23-03-2024T12:27:01 - [TEST_CASE][PASSED] - Test Cases/DataDriven: Test Cases/DataDriven

23-03-2024T12:27:01 - [TEST_STEP][PASSED] - openBrowser(""): Browser is opened with url: ''

23-03-2024T12:27:01 - [MESSAGE][INFO] - Starting 'Chrome' driver

23-03-2024T12:27:01 - [MESSAGE][INFO] - Action delay is set to 0 milliseconds

23-03-2024T12:27:02 - [MESSAGE][PASSED] - Browser is opened with url: ''

23-03-2024T12:27:02 - [TEST_STEP][PASSED] - navigateToUrl("https://www.saucedemo.com/"): Navigate to 'https://www.saucedemo.com/' successfully

23-03-2024T12:27:03 - [MESSAGE][PASSED] - Navigate to 'https://www.saucedemo.com/' successfully

23-03-2024T12:27:03 - [TEST_STEP][PASSED] - setText(findTestObject("Object Repository/Page_Swag Labs/input_Swag Labs_user-name"), "jkn"): Text 'jkn' is set on object 'Object Repository/Page_Swag Labs/input_Swag Labs_user-name'

23-03-2024T12:27:05 - [MESSAGE][PASSED] - Text 'jkn' is set on object 'Object Repository/Page_Swag Labs/input_Swag Labs_user-name'

23-03-2024T12:27:05 - [TEST_STEP][PASSED] - setEncryptedText(findTestObject("Object Repository/Page_Swag Labs/input_Swag Labs_password"), "9iXuMlGT0SQ="): Text ****** has been set on object 'Object Repository/Page_Swag Labs/input_Swag Labs_password'

23-03-2024T12:27:05 - [MESSAGE][PASSED] - Text ****** has been set on object 'Object Repository/Page_Swag Labs/input_Swag Labs_password'

23-03-2024T12:27:05 - [TEST_STEP][PASSED] - click(findTestObject("Object Repository/Page_Swag Labs/input_Swag Labs_login-button")): Object: 'Object Repository/Page_Swag Labs/input_Swag Labs_login-button' is clicked on

23-03-2024T12:27:05 - [MESSAGE][PASSED] - Object: 'Object Repository/Page_Swag Labs/input_Swag Labs_login-button' is clicked on

23-03-2024T12:27:05 - [TEST_STEP][PASSED] - click(findTestObject("Object Repository/Page_Swag Labs/h3_Epic sadface Username and password do no_0e8909")): Object: 'Object Repository/Page_Swag Labs/h3_Epic sadface Username and password do no_0e8909' is clicked on

23-03-2024T12:27:10 - [MESSAGE][PASSED] - Object: 'Object Repository/Page_Swag Labs/h3_Epic sadface Username and password do no_0e8909' is clicked on

23-03-2024T12:27:10 - [TEST_STEP][PASSED] - openBrowser(""): Browser is opened with url: ''

23-03-2024T12:27:10 - [MESSAGE][WARNING] - A browser is already opened. Closing browser and opening a new one

23-03-2024T12:27:10 - [MESSAGE][INFO] - Starting 'Chrome' driver

23-03-2024T12:27:10 - [MESSAGE][INFO] - Action delay is set to 0 milliseconds

23-03-2024T12:27:11 - [MESSAGE][PASSED] - Browser is opened with url: ''

23-03-2024T12:27:11 - [TEST_STEP][PASSED] - closeBrowser(): Browser is closed

23-03-2024T12:27:11 - [MESSAGE][PASSED] - Browser is closed]]></system-out>
         <system-err><![CDATA[]]></system-err>
      </testcase>
      <testcase name="Test Cases/DataDriven" time="38.577" classname="Test Cases/DataDriven" status="PASSED">
         <system-out><![CDATA[23-03-2024T12:27:11 - [TEST_CASE][PASSED] - Test Cases/DataDriven: Test Cases/DataDriven

23-03-2024T12:27:11 - [TEST_STEP][PASSED] - openBrowser(""): Browser is opened with url: ''

23-03-2024T12:27:11 - [MESSAGE][INFO] - Starting 'Chrome' driver

23-03-2024T12:27:11 - [MESSAGE][INFO] - Action delay is set to 0 milliseconds

23-03-2024T12:27:12 - [MESSAGE][PASSED] - Browser is opened with url: ''

23-03-2024T12:27:12 - [TEST_STEP][PASSED] - navigateToUrl("https://www.saucedemo.com/"): Navigate to 'https://www.saucedemo.com/' successfully

23-03-2024T12:27:14 - [MESSAGE][PASSED] - Navigate to 'https://www.saucedemo.com/' successfully

23-03-2024T12:27:14 - [TEST_STEP][PASSED] - setText(findTestObject("Object Repository/Page_Swag Labs/input_Swag Labs_user-name"), "jkn"): Text 'jkn' is set on object 'Object Repository/Page_Swag Labs/input_Swag Labs_user-name'

23-03-2024T12:27:17 - [MESSAGE][PASSED] - Text 'jkn' is set on object 'Object Repository/Page_Swag Labs/input_Swag Labs_user-name'

23-03-2024T12:27:17 - [TEST_STEP][PASSED] - setEncryptedText(findTestObject("Object Repository/Page_Swag Labs/input_Swag Labs_password"), "9iXuMlGT0SQ="): Text ****** has been set on object 'Object Repository/Page_Swag Labs/input_Swag Labs_password'

23-03-2024T12:27:17 - [MESSAGE][PASSED] - Text ****** has been set on object 'Object Repository/Page_Swag Labs/input_Swag Labs_password'

23-03-2024T12:27:17 - [TEST_STEP][PASSED] - click(findTestObject("Object Repository/Page_Swag Labs/input_Swag Labs_login-button")): Object: 'Object Repository/Page_Swag Labs/input_Swag Labs_login-button' is clicked on

23-03-2024T12:27:18 - [MESSAGE][PASSED] - Object: 'Object Repository/Page_Swag Labs/input_Swag Labs_login-button' is clicked on

23-03-2024T12:27:18 - [TEST_STEP][PASSED] - click(findTestObject("Object Repository/Page_Swag Labs/h3_Epic sadface Username and password do no_0e8909")): Object: 'Object Repository/Page_Swag Labs/h3_Epic sadface Username and password do no_0e8909' is clicked on

23-03-2024T12:27:48 - [MESSAGE][PASSED] - Object: 'Object Repository/Page_Swag Labs/h3_Epic sadface Username and password do no_0e8909' is clicked on

23-03-2024T12:27:48 - [TEST_STEP][PASSED] - openBrowser(""): Browser is opened with url: ''

23-03-2024T12:27:48 - [MESSAGE][WARNING] - A browser is already opened. Closing browser and opening a new one

23-03-2024T12:27:48 - [MESSAGE][INFO] - Starting 'Chrome' driver

23-03-2024T12:27:48 - [MESSAGE][INFO] - Action delay is set to 0 milliseconds

23-03-2024T12:27:49 - [MESSAGE][PASSED] - Browser is opened with url: ''

23-03-2024T12:27:49 - [TEST_STEP][PASSED] - closeBrowser(): Browser is closed

23-03-2024T12:27:50 - [MESSAGE][PASSED] - Browser is closed]]></system-out>
         <system-err><![CDATA[]]></system-err>
      </testcase>
      <testcase name="Test Cases/DataDriven" time="35.735" classname="Test Cases/DataDriven" status="PASSED">
         <system-out><![CDATA[23-03-2024T12:27:50 - [TEST_CASE][PASSED] - Test Cases/DataDriven: Test Cases/DataDriven

23-03-2024T12:27:50 - [TEST_STEP][PASSED] - openBrowser(""): Browser is opened with url: ''

23-03-2024T12:27:50 - [MESSAGE][INFO] - Starting 'Chrome' driver

23-03-2024T12:27:50 - [MESSAGE][INFO] - Action delay is set to 0 milliseconds

23-03-2024T12:27:51 - [MESSAGE][PASSED] - Browser is opened with url: ''

23-03-2024T12:27:51 - [TEST_STEP][PASSED] - navigateToUrl("https://www.saucedemo.com/"): Navigate to 'https://www.saucedemo.com/' successfully

23-03-2024T12:27:53 - [MESSAGE][PASSED] - Navigate to 'https://www.saucedemo.com/' successfully

23-03-2024T12:27:53 - [TEST_STEP][PASSED] - setText(findTestObject("Object Repository/Page_Swag Labs/input_Swag Labs_user-name"), "jkn"): Text 'jkn' is set on object 'Object Repository/Page_Swag Labs/input_Swag Labs_user-name'

23-03-2024T12:27:55 - [MESSAGE][PASSED] - Text 'jkn' is set on object 'Object Repository/Page_Swag Labs/input_Swag Labs_user-name'

23-03-2024T12:27:55 - [TEST_STEP][PASSED] - setEncryptedText(findTestObject("Object Repository/Page_Swag Labs/input_Swag Labs_password"), "9iXuMlGT0SQ="): Text ****** has been set on object 'Object Repository/Page_Swag Labs/input_Swag Labs_password'

23-03-2024T12:27:56 - [MESSAGE][PASSED] - Text ****** has been set on object 'Object Repository/Page_Swag Labs/input_Swag Labs_password'

23-03-2024T12:27:56 - [TEST_STEP][PASSED] - click(findTestObject("Object Repository/Page_Swag Labs/input_Swag Labs_login-button")): Object: 'Object Repository/Page_Swag Labs/input_Swag Labs_login-button' is clicked on

23-03-2024T12:27:56 - [MESSAGE][PASSED] - Object: 'Object Repository/Page_Swag Labs/input_Swag Labs_login-button' is clicked on

23-03-2024T12:27:56 - [TEST_STEP][PASSED] - click(findTestObject("Object Repository/Page_Swag Labs/h3_Epic sadface Username and password do no_0e8909")): Object: 'Object Repository/Page_Swag Labs/h3_Epic sadface Username and password do no_0e8909' is clicked on

23-03-2024T12:28:23 - [MESSAGE][PASSED] - Object: 'Object Repository/Page_Swag Labs/h3_Epic sadface Username and password do no_0e8909' is clicked on

23-03-2024T12:28:23 - [TEST_STEP][PASSED] - openBrowser(""): Browser is opened with url: ''

23-03-2024T12:28:23 - [MESSAGE][WARNING] - A browser is already opened. Closing browser and opening a new one

23-03-2024T12:28:24 - [MESSAGE][INFO] - Starting 'Chrome' driver

23-03-2024T12:28:24 - [MESSAGE][INFO] - Action delay is set to 0 milliseconds

23-03-2024T12:28:25 - [MESSAGE][PASSED] - Browser is opened with url: ''

23-03-2024T12:28:25 - [TEST_STEP][PASSED] - closeBrowser(): Browser is closed

23-03-2024T12:28:25 - [MESSAGE][PASSED] - Browser is closed]]></system-out>
         <system-err><![CDATA[]]></system-err>
      </testcase>
      <testcase name="Test Cases/DataDriven" time="38.231" classname="Test Cases/DataDriven" status="PASSED">
         <system-out><![CDATA[23-03-2024T12:28:25 - [TEST_CASE][PASSED] - Test Cases/DataDriven: Test Cases/DataDriven

23-03-2024T12:28:25 - [TEST_STEP][PASSED] - openBrowser(""): Browser is opened with url: ''

23-03-2024T12:28:25 - [MESSAGE][INFO] - Starting 'Chrome' driver

23-03-2024T12:28:25 - [MESSAGE][INFO] - Action delay is set to 0 milliseconds

23-03-2024T12:28:27 - [MESSAGE][PASSED] - Browser is opened with url: ''

23-03-2024T12:28:27 - [TEST_STEP][PASSED] - navigateToUrl("https://www.saucedemo.com/"): Navigate to 'https://www.saucedemo.com/' successfully

23-03-2024T12:28:29 - [MESSAGE][PASSED] - Navigate to 'https://www.saucedemo.com/' successfully

23-03-2024T12:28:29 - [TEST_STEP][PASSED] - setText(findTestObject("Object Repository/Page_Swag Labs/input_Swag Labs_user-name"), "jkn"): Text 'jkn' is set on object 'Object Repository/Page_Swag Labs/input_Swag Labs_user-name'

23-03-2024T12:28:31 - [MESSAGE][PASSED] - Text 'jkn' is set on object 'Object Repository/Page_Swag Labs/input_Swag Labs_user-name'

23-03-2024T12:28:31 - [TEST_STEP][PASSED] - setEncryptedText(findTestObject("Object Repository/Page_Swag Labs/input_Swag Labs_password"), "9iXuMlGT0SQ="): Text ****** has been set on object 'Object Repository/Page_Swag Labs/input_Swag Labs_password'

23-03-2024T12:28:32 - [MESSAGE][PASSED] - Text ****** has been set on object 'Object Repository/Page_Swag Labs/input_Swag Labs_password'

23-03-2024T12:28:32 - [TEST_STEP][PASSED] - click(findTestObject("Object Repository/Page_Swag Labs/input_Swag Labs_login-button")): Object: 'Object Repository/Page_Swag Labs/input_Swag Labs_login-button' is clicked on

23-03-2024T12:28:32 - [MESSAGE][PASSED] - Object: 'Object Repository/Page_Swag Labs/input_Swag Labs_login-button' is clicked on

23-03-2024T12:28:32 - [TEST_STEP][PASSED] - click(findTestObject("Object Repository/Page_Swag Labs/h3_Epic sadface Username and password do no_0e8909")): Object: 'Object Repository/Page_Swag Labs/h3_Epic sadface Username and password do no_0e8909' is clicked on

23-03-2024T12:29:02 - [MESSAGE][PASSED] - Object: 'Object Repository/Page_Swag Labs/h3_Epic sadface Username and password do no_0e8909' is clicked on

23-03-2024T12:29:02 - [TEST_STEP][PASSED] - openBrowser(""): Browser is opened with url: ''

23-03-2024T12:29:02 - [MESSAGE][WARNING] - A browser is already opened. Closing browser and opening a new one

23-03-2024T12:29:02 - [MESSAGE][INFO] - Starting 'Chrome' driver

23-03-2024T12:29:02 - [MESSAGE][INFO] - Action delay is set to 0 milliseconds

23-03-2024T12:29:03 - [MESSAGE][PASSED] - Browser is opened with url: ''

23-03-2024T12:29:03 - [TEST_STEP][PASSED] - closeBrowser(): Browser is closed

23-03-2024T12:29:04 - [MESSAGE][PASSED] - Browser is closed]]></system-out>
         <system-err><![CDATA[]]></system-err>
      </testcase>
      <testcase name="Test Cases/DataDriven" time="37.543" classname="Test Cases/DataDriven" status="PASSED">
         <system-out><![CDATA[23-03-2024T12:29:04 - [TEST_CASE][PASSED] - Test Cases/DataDriven: Test Cases/DataDriven

23-03-2024T12:29:04 - [TEST_STEP][PASSED] - openBrowser(""): Browser is opened with url: ''

23-03-2024T12:29:04 - [MESSAGE][INFO] - Starting 'Chrome' driver

23-03-2024T12:29:04 - [MESSAGE][INFO] - Action delay is set to 0 milliseconds

23-03-2024T12:29:05 - [MESSAGE][PASSED] - Browser is opened with url: ''

23-03-2024T12:29:05 - [TEST_STEP][PASSED] - navigateToUrl("https://www.saucedemo.com/"): Navigate to 'https://www.saucedemo.com/' successfully

23-03-2024T12:29:06 - [MESSAGE][PASSED] - Navigate to 'https://www.saucedemo.com/' successfully

23-03-2024T12:29:06 - [TEST_STEP][PASSED] - setText(findTestObject("Object Repository/Page_Swag Labs/input_Swag Labs_user-name"), "jkn"): Text 'jkn' is set on object 'Object Repository/Page_Swag Labs/input_Swag Labs_user-name'

23-03-2024T12:29:08 - [MESSAGE][PASSED] - Text 'jkn' is set on object 'Object Repository/Page_Swag Labs/input_Swag Labs_user-name'

23-03-2024T12:29:08 - [TEST_STEP][PASSED] - setEncryptedText(findTestObject("Object Repository/Page_Swag Labs/input_Swag Labs_password"), "9iXuMlGT0SQ="): Text ****** has been set on object 'Object Repository/Page_Swag Labs/input_Swag Labs_password'

23-03-2024T12:29:08 - [MESSAGE][PASSED] - Text ****** has been set on object 'Object Repository/Page_Swag Labs/input_Swag Labs_password'

23-03-2024T12:29:08 - [TEST_STEP][PASSED] - click(findTestObject("Object Repository/Page_Swag Labs/input_Swag Labs_login-button")): Object: 'Object Repository/Page_Swag Labs/input_Swag Labs_login-button' is clicked on

23-03-2024T12:29:09 - [MESSAGE][PASSED] - Object: 'Object Repository/Page_Swag Labs/input_Swag Labs_login-button' is clicked on

23-03-2024T12:29:09 - [TEST_STEP][PASSED] - click(findTestObject("Object Repository/Page_Swag Labs/h3_Epic sadface Username and password do no_0e8909")): Object: 'Object Repository/Page_Swag Labs/h3_Epic sadface Username and password do no_0e8909' is clicked on

23-03-2024T12:29:39 - [MESSAGE][PASSED] - Object: 'Object Repository/Page_Swag Labs/h3_Epic sadface Username and password do no_0e8909' is clicked on

23-03-2024T12:29:39 - [TEST_STEP][PASSED] - openBrowser(""): Browser is opened with url: ''

23-03-2024T12:29:39 - [MESSAGE][WARNING] - A browser is already opened. Closing browser and opening a new one

23-03-2024T12:29:39 - [MESSAGE][INFO] - Starting 'Chrome' driver

23-03-2024T12:29:39 - [MESSAGE][INFO] - Action delay is set to 0 milliseconds

23-03-2024T12:29:41 - [MESSAGE][PASSED] - Browser is opened with url: ''

23-03-2024T12:29:41 - [TEST_STEP][PASSED] - closeBrowser(): Browser is closed

23-03-2024T12:29:41 - [MESSAGE][PASSED] - Browser is closed]]></system-out>
         <system-err><![CDATA[]]></system-err>
      </testcase>
      <testcase name="Test Cases/DataDriven" time="36.248" classname="Test Cases/DataDriven" status="PASSED">
         <system-out><![CDATA[23-03-2024T12:29:41 - [TEST_CASE][PASSED] - Test Cases/DataDriven: Test Cases/DataDriven

23-03-2024T12:29:41 - [TEST_STEP][PASSED] - openBrowser(""): Browser is opened with url: ''

23-03-2024T12:29:41 - [MESSAGE][INFO] - Starting 'Chrome' driver

23-03-2024T12:29:41 - [MESSAGE][INFO] - Action delay is set to 0 milliseconds

23-03-2024T12:29:42 - [MESSAGE][PASSED] - Browser is opened with url: ''

23-03-2024T12:29:42 - [TEST_STEP][PASSED] - navigateToUrl("https://www.saucedemo.com/"): Navigate to 'https://www.saucedemo.com/' successfully

23-03-2024T12:29:43 - [MESSAGE][PASSED] - Navigate to 'https://www.saucedemo.com/' successfully

23-03-2024T12:29:43 - [TEST_STEP][PASSED] - setText(findTestObject("Object Repository/Page_Swag Labs/input_Swag Labs_user-name"), "jkn"): Text 'jkn' is set on object 'Object Repository/Page_Swag Labs/input_Swag Labs_user-name'

23-03-2024T12:29:47 - [MESSAGE][PASSED] - Text 'jkn' is set on object 'Object Repository/Page_Swag Labs/input_Swag Labs_user-name'

23-03-2024T12:29:47 - [TEST_STEP][PASSED] - setEncryptedText(findTestObject("Object Repository/Page_Swag Labs/input_Swag Labs_password"), "9iXuMlGT0SQ="): Text ****** has been set on object 'Object Repository/Page_Swag Labs/input_Swag Labs_password'

23-03-2024T12:29:47 - [MESSAGE][PASSED] - Text ****** has been set on object 'Object Repository/Page_Swag Labs/input_Swag Labs_password'

23-03-2024T12:29:48 - [TEST_STEP][PASSED] - click(findTestObject("Object Repository/Page_Swag Labs/input_Swag Labs_login-button")): Object: 'Object Repository/Page_Swag Labs/input_Swag Labs_login-button' is clicked on

23-03-2024T12:29:48 - [MESSAGE][PASSED] - Object: 'Object Repository/Page_Swag Labs/input_Swag Labs_login-button' is clicked on

23-03-2024T12:29:48 - [TEST_STEP][PASSED] - click(findTestObject("Object Repository/Page_Swag Labs/h3_Epic sadface Username and password do no_0e8909")): Object: 'Object Repository/Page_Swag Labs/h3_Epic sadface Username and password do no_0e8909' is clicked on

23-03-2024T12:30:15 - [MESSAGE][PASSED] - Object: 'Object Repository/Page_Swag Labs/h3_Epic sadface Username and password do no_0e8909' is clicked on

23-03-2024T12:30:15 - [TEST_STEP][PASSED] - openBrowser(""): Browser is opened with url: ''

23-03-2024T12:30:15 - [MESSAGE][WARNING] - A browser is already opened. Closing browser and opening a new one

23-03-2024T12:30:16 - [MESSAGE][INFO] - Starting 'Chrome' driver

23-03-2024T12:30:16 - [MESSAGE][INFO] - Action delay is set to 0 milliseconds

23-03-2024T12:30:17 - [MESSAGE][PASSED] - Browser is opened with url: ''

23-03-2024T12:30:17 - [TEST_STEP][PASSED] - closeBrowser(): Browser is closed

23-03-2024T12:30:18 - [MESSAGE][PASSED] - Browser is closed]]></system-out>
         <system-err><![CDATA[]]></system-err>
      </testcase>
      <testcase name="Test Cases/DataDriven" time="39.762" classname="Test Cases/DataDriven" status="PASSED">
         <system-out><![CDATA[23-03-2024T12:30:18 - [TEST_CASE][PASSED] - Test Cases/DataDriven: Test Cases/DataDriven

23-03-2024T12:30:18 - [TEST_STEP][PASSED] - openBrowser(""): Browser is opened with url: ''

23-03-2024T12:30:18 - [MESSAGE][INFO] - Starting 'Chrome' driver

23-03-2024T12:30:18 - [MESSAGE][INFO] - Action delay is set to 0 milliseconds

23-03-2024T12:30:19 - [MESSAGE][PASSED] - Browser is opened with url: ''

23-03-2024T12:30:19 - [TEST_STEP][PASSED] - navigateToUrl("https://www.saucedemo.com/"): Navigate to 'https://www.saucedemo.com/' successfully

23-03-2024T12:30:20 - [MESSAGE][PASSED] - Navigate to 'https://www.saucedemo.com/' successfully

23-03-2024T12:30:20 - [TEST_STEP][PASSED] - setText(findTestObject("Object Repository/Page_Swag Labs/input_Swag Labs_user-name"), "jkn"): Text 'jkn' is set on object 'Object Repository/Page_Swag Labs/input_Swag Labs_user-name'

23-03-2024T12:30:25 - [MESSAGE][PASSED] - Text 'jkn' is set on object 'Object Repository/Page_Swag Labs/input_Swag Labs_user-name'

23-03-2024T12:30:25 - [TEST_STEP][PASSED] - setEncryptedText(findTestObject("Object Repository/Page_Swag Labs/input_Swag Labs_password"), "9iXuMlGT0SQ="): Text ****** has been set on object 'Object Repository/Page_Swag Labs/input_Swag Labs_password'

23-03-2024T12:30:26 - [MESSAGE][PASSED] - Text ****** has been set on object 'Object Repository/Page_Swag Labs/input_Swag Labs_password'

23-03-2024T12:30:26 - [TEST_STEP][PASSED] - click(findTestObject("Object Repository/Page_Swag Labs/input_Swag Labs_login-button")): Object: 'Object Repository/Page_Swag Labs/input_Swag Labs_login-button' is clicked on

23-03-2024T12:30:26 - [MESSAGE][PASSED] - Object: 'Object Repository/Page_Swag Labs/input_Swag Labs_login-button' is clicked on

23-03-2024T12:30:26 - [TEST_STEP][PASSED] - click(findTestObject("Object Repository/Page_Swag Labs/h3_Epic sadface Username and password do no_0e8909")): Object: 'Object Repository/Page_Swag Labs/h3_Epic sadface Username and password do no_0e8909' is clicked on

23-03-2024T12:30:56 - [MESSAGE][PASSED] - Object: 'Object Repository/Page_Swag Labs/h3_Epic sadface Username and password do no_0e8909' is clicked on

23-03-2024T12:30:56 - [TEST_STEP][PASSED] - openBrowser(""): Browser is opened with url: ''

23-03-2024T12:30:56 - [MESSAGE][WARNING] - A browser is already opened. Closing browser and opening a new one

23-03-2024T12:30:56 - [MESSAGE][INFO] - Starting 'Chrome' driver

23-03-2024T12:30:56 - [MESSAGE][INFO] - Action delay is set to 0 milliseconds

23-03-2024T12:30:57 - [MESSAGE][PASSED] - Browser is opened with url: ''

23-03-2024T12:30:57 - [TEST_STEP][PASSED] - closeBrowser(): Browser is closed

23-03-2024T12:30:57 - [MESSAGE][PASSED] - Browser is closed]]></system-out>
         <system-err><![CDATA[]]></system-err>
      </testcase>
      <system-out><![CDATA[23-03-2024T12:26:38 - [TEST_SUITE][PASSED] - T1: Test Cases/DataDriven]]></system-out>
      <system-err><![CDATA[]]></system-err>
   </testsuite>
</testsuites>
